<?xml version="1.0" encoding="UTF-8"?>
<!-- Generated by org.testng.reporters.JUnitReportReporter -->
<testsuite skipped="0" hostname="VINSYSLT0203" name="com.first.apptmart" tests="1" failures="0" timestamp="26 Dec 2021 16:00:51 GMT" time="26.538" errors="0">
  <testcase name="shopping" time="26.538" classname="com.first.apptmart"/>
</testsuite> <!-- com.first.apptmart -->
