<?xml version="1.0" encoding="UTF-8"?>
<!-- Generated by org.testng.reporters.JUnitReportReporter -->
<testsuite skipped="0" hostname="VINSYSLT0203" name="com.first.First" tests="1" failures="0" timestamp="23 Dec 2021 09:39:55 GMT" time="4.833" errors="0">
  <testcase name="Login" time="4.833" classname="com.first.First"/>
</testsuite> <!-- com.first.First -->
