<?xml version="1.0" encoding="UTF-8"?>
<!-- Generated by org.testng.reporters.JUnitReportReporter -->
<testsuite skipped="0" hostname="VINSYSLT0203" name="com.first.Gmail" tests="1" failures="0" timestamp="09 Dec 2021 11:28:26 GMT" time="5.930" errors="0">
  <testcase name="gmailLogin" time="5.930" classname="com.first.Gmail"/>
</testsuite> <!-- com.first.Gmail -->
